This is e-pTeX, Version 3.141592653-p3.9.0-210218-2.6 (utf8.euc) (TeX Live 2021) (preloaded format=platex 2022.1.20)  23 JAN 2022 09:08
entering extended mode
 restricted \write18 enabled.
 %&-line parsing enabled.
**/Users/kurosuryou/kline/paper/paper.tex -halt-on-error
(/Users/kurosuryou/kline/paper/paper.tex
pLaTeX2e <2021-11-15> (based on LaTeX2e <2021-11-15> patch level 1)
L3 programming layer <2022-01-12>
! You can't use `macro parameter character #' in vertical mode.
l.1 #
     !ptex2pdf -l -u -ot '--synctex=1 --shell-escape' template
? 
! Emergency stop.
l.1 #
     !ptex2pdf -l -u -ot '--synctex=1 --shell-escape' template
End of file on the terminal!

 
Here is how much of TeX's memory you used:
 19 strings out of 478749
 429 string characters out of 5859015
 295185 words of memory out of 5000000
 18540 multiletter control sequences out of 15000+600000
 473130 words of font info for 45 fonts, out of 8000000 for 9000
 929 hyphenation exceptions out of 8191
 15i,0n,23p,147b,18s stack positions out of 5000i,500n,10000p,200000b,80000s
No pages of output.
